<?xml version="1.0" encoding="UTF-8"?>
<!-- Generated by org.testng.reporters.JUnitXMLReporter -->
<testsuite ignored="0" hostname="DELL" failures="0" tests="4" name="Default test" time="53.377" errors="0" timestamp="2020-11-16T12:16:10 IST">
  <testcase classname="testFiles.TestHomePage" name="search" time="13.159"/>
  <testcase classname="testFiles.TestHomePage" name="men" time="16.866"/>
  <testcase classname="testFiles.TestHomePage" name="women" time="6.878"/>
  <testcase classname="testFiles.TestHomePage" name="login" time="8.04"/>
</testsuite> <!-- Default test -->
