<?xml version="1.0" encoding="UTF-8"?>
<testng-results ignored="0" total="4" passed="4" failed="0" skipped="0">
  <reporter-output>
  </reporter-output>
  <suite started-at="2020-11-16T12:15:17 IST" name="Default suite" finished-at="2020-11-16T12:16:10 IST" duration-ms="53377">
    <groups>
    </groups>
    <test started-at="2020-11-16T12:15:17 IST" name="Default test" finished-at="2020-11-16T12:16:10 IST" duration-ms="53377">
      <class name="testFiles.TestHomePage">
        <test-method is-config="true" signature="openSite()[pri:0, instance:testFiles.TestHomePage@2474f125]" started-at="2020-11-16T12:15:17 IST" name="openSite" finished-at="2020-11-16T12:15:24 IST" duration-ms="7481" status="PASS">
          <reporter-output>
          </reporter-output>
        </test-method> <!-- openSite -->
        <test-method signature="search()[pri:1, instance:testFiles.TestHomePage@2474f125]" started-at="2020-11-16T12:15:24 IST" name="search" finished-at="2020-11-16T12:15:38 IST" duration-ms="13159" status="PASS">
          <reporter-output>
          </reporter-output>
        </test-method> <!-- search -->
        <test-method signature="men()[pri:2, instance:testFiles.TestHomePage@2474f125]" started-at="2020-11-16T12:15:38 IST" name="men" finished-at="2020-11-16T12:15:54 IST" duration-ms="16866" status="PASS">
          <reporter-output>
          </reporter-output>
        </test-method> <!-- men -->
        <test-method signature="women()[pri:3, instance:testFiles.TestHomePage@2474f125]" started-at="2020-11-16T12:15:54 IST" name="women" finished-at="2020-11-16T12:16:01 IST" duration-ms="6878" status="PASS">
          <reporter-output>
          </reporter-output>
        </test-method> <!-- women -->
        <test-method signature="login()[pri:4, instance:testFiles.TestHomePage@2474f125]" started-at="2020-11-16T12:16:01 IST" name="login" finished-at="2020-11-16T12:16:09 IST" duration-ms="8040" status="PASS">
          <reporter-output>
          </reporter-output>
        </test-method> <!-- login -->
        <test-method is-config="true" signature="tearDown()[pri:0, instance:testFiles.TestHomePage@2474f125]" started-at="2020-11-16T12:16:09 IST" name="tearDown" finished-at="2020-11-16T12:16:10 IST" duration-ms="837" status="PASS">
          <reporter-output>
          </reporter-output>
        </test-method> <!-- tearDown -->
      </class> <!-- testFiles.TestHomePage -->
    </test> <!-- Default test -->
  </suite> <!-- Default suite -->
</testng-results>
